<?xml version="1.0" encoding="UTF-8"?>
<!-- Generated by org.testng.reporters.JUnitReportReporter -->
<testsuite skipped="0" hostname="LAPTOP-O50P61C6" name="com.suchi.gmail_uitest.GmailSendRecieveMailTest" tests="1" failures="0" timestamp="27 Nov 2016 08:10:51 GMT" time="28.647" errors="0">
  <testcase name="gmailsendreceivetest" time="28.647" classname="com.suchi.gmail_uitest.GmailSendRecieveMailTest"/>
</testsuite> <!-- com.suchi.gmail_uitest.GmailSendRecieveMailTest -->
