<?xml version="1.0" encoding="UTF-8"?>
<!-- Generated by org.testng.reporters.JUnitReportReporter -->
<testsuite skipped="0" hostname="LAPTOP-O50P61C6" name="com.suchi.gmail_uitest.GmailSigninTest" tests="1" failures="0" timestamp="26 Nov 2016 10:21:35 GMT" time="17.513" errors="0">
  <testcase name="gmailloginshouldbesuccessful" time="17.513" classname="com.suchi.gmail_uitest.GmailSigninTest"/>
</testsuite> <!-- com.suchi.gmail_uitest.GmailSigninTest -->
